  main.cpp
d:\users\cookie\desktop\3dgamesrepo\3dgame\3dgame\md2model.h(40): warning C4005: 'WIN32': macro redefinition
  d:\users\cookie\desktop\3dgamesrepo\3dgame\3dgame\md2model.h(40): note: command-line arguments:  see previous definition of 'WIN32'
d:\users\cookie\desktop\3dgamesrepo\3dgame\3dgame\md2model.h(78): error C2011: 'md2_header_t': 'struct' type redefinition
  d:\users\cookie\desktop\3dgamesrepo\3dgame\3dgame\md2model.h(78): note: see declaration of 'md2_header_t'
d:\users\cookie\desktop\3dgamesrepo\3dgame\3dgame\md2model.h(104): error C2011: 'md2_skin_t': 'struct' type redefinition
  d:\users\cookie\desktop\3dgamesrepo\3dgame\3dgame\md2model.h(104): note: see declaration of 'md2_skin_t'
d:\users\cookie\desktop\3dgamesrepo\3dgame\3dgame\md2model.h(110): error C2011: 'md2_texCoord_t': 'struct' type redefinition
  d:\users\cookie\desktop\3dgamesrepo\3dgame\3dgame\md2model.h(110): note: see declaration of 'md2_texCoord_t'
d:\users\cookie\desktop\3dgamesrepo\3dgame\3dgame\md2model.h(117): error C2011: 'md2_triangle_t': 'struct' type redefinition
  d:\users\cookie\desktop\3dgamesrepo\3dgame\3dgame\md2model.h(117): note: see declaration of 'md2_triangle_t'
d:\users\cookie\desktop\3dgamesrepo\3dgame\3dgame\md2model.h(124): error C2011: 'md2_vertex_t': 'struct' type redefinition
  d:\users\cookie\desktop\3dgamesrepo\3dgame\3dgame\md2model.h(124): note: see declaration of 'md2_vertex_t'
d:\users\cookie\desktop\3dgamesrepo\3dgame\3dgame\md2model.h(131): error C2011: 'md2_frame_t': 'struct' type redefinition
  d:\users\cookie\desktop\3dgamesrepo\3dgame\3dgame\md2model.h(131): note: see declaration of 'md2_frame_t'
d:\users\cookie\desktop\3dgamesrepo\3dgame\3dgame\md2model.h(140): error C2011: 'md2_glcmd_t': 'struct' type redefinition
  d:\users\cookie\desktop\3dgamesrepo\3dgame\3dgame\md2model.h(140): note: see declaration of 'md2_glcmd_t'
d:\users\cookie\desktop\3dgamesrepo\3dgame\3dgame\md2model.h(148): error C2011: 'md2_model_t': 'struct' type redefinition
  d:\users\cookie\desktop\3dgamesrepo\3dgame\3dgame\md2model.h(148): note: see declaration of 'md2_model_t'
d:\users\cookie\desktop\3dgamesrepo\3dgame\3dgame\md2model.h(165): error C2011: 'md2model': 'class' type redefinition
  d:\users\cookie\desktop\3dgamesrepo\3dgame\3dgame\md2model.h(165): note: see declaration of 'md2model'
d:\users\cookie\desktop\3dgamesrepo\3dgame\3dgame\player.h(26): error C2079: 'Player::model' uses undefined class 'md2model'
d:\users\cookie\desktop\3dgamesrepo\3dgame\3dgame\player.h(30): error C2228: left of '.ReadMD2Model' must have class/struct/union
  d:\users\cookie\desktop\3dgamesrepo\3dgame\3dgame\player.h(30): note: type is 'int'
d:\users\cookie\desktop\3dgamesrepo\3dgame\3dgame\player.h(31): error C2228: left of '.getVertDataCount' must have class/struct/union
  d:\users\cookie\desktop\3dgamesrepo\3dgame\3dgame\player.h(31): note: type is 'int'
d:\users\cookie\desktop\3dgamesrepo\3dgame\3dgame\main.cpp(120): error C2079: 'tmpModel' uses undefined class 'md2model'
d:\users\cookie\desktop\3dgamesrepo\3dgame\3dgame\main.cpp(145): warning C4244: 'argument': conversion from 'GLfloat' to 'int', possible loss of data
d:\users\cookie\desktop\3dgamesrepo\3dgame\3dgame\main.cpp(208): error C2228: left of '.ReadMD2Model' must have class/struct/union
  d:\users\cookie\desktop\3dgamesrepo\3dgame\3dgame\main.cpp(208): note: type is 'int'
d:\users\cookie\desktop\3dgamesrepo\3dgame\3dgame\main.cpp(209): error C2228: left of '.getVertDataCount' must have class/struct/union
  d:\users\cookie\desktop\3dgamesrepo\3dgame\3dgame\main.cpp(209): note: type is 'int'
d:\users\cookie\desktop\3dgamesrepo\3dgame\3dgame\main.cpp(212): warning C4244: 'argument': conversion from 'GLfloat' to 'const GLuint', possible loss of data
d:\users\cookie\desktop\3dgamesrepo\3dgame\3dgame\main.cpp(355): error C2228: left of '.Animate' must have class/struct/union
  d:\users\cookie\desktop\3dgamesrepo\3dgame\3dgame\main.cpp(355): note: type is 'int'
d:\users\cookie\desktop\3dgamesrepo\3dgame\3dgame\main.cpp(356): error C2228: left of '.getAnimVerts' must have class/struct/union
  d:\users\cookie\desktop\3dgamesrepo\3dgame\3dgame\main.cpp(356): note: type is 'int'
d:\users\cookie\desktop\3dgamesrepo\3dgame\3dgame\main.cpp(356): error C2228: left of '.getVertDataSize' must have class/struct/union
  d:\users\cookie\desktop\3dgamesrepo\3dgame\3dgame\main.cpp(356): note: type is 'int'
d:\users\cookie\desktop\3dgamesrepo\3dgame\3dgame\main.cpp(356): error C2660: 'rt3d::updateMesh': function does not take 2 arguments
  Player.cpp
d:\users\cookie\desktop\3dgamesrepo\3dgame\3dgame\md2model.h(40): warning C4005: 'WIN32': macro redefinition
  d:\users\cookie\desktop\3dgamesrepo\3dgame\3dgame\md2model.h(40): note: command-line arguments:  see previous definition of 'WIN32'
d:\users\cookie\desktop\3dgamesrepo\3dgame\3dgame\player.cpp(19): warning C4305: 'argument': truncation from 'double' to 'float'
  Generating Code...
