d:\users\cookie\desktop\3dgamesrepo\3dgame\3dgame\win32\debug\3dgame\vc141.pdb
d:\users\cookie\desktop\3dgamesrepo\3dgame\3dgame\win32\debug\3dgame\vc141.idb
d:\users\cookie\desktop\3dgamesrepo\3dgame\3dgame\win32\debug\3dgame\skybox.obj
d:\users\cookie\desktop\3dgamesrepo\3dgame\3dgame\win32\debug\3dgame\rt3dobjloader.obj
d:\users\cookie\desktop\3dgamesrepo\3dgame\3dgame\win32\debug\3dgame\rt3d.obj
d:\users\cookie\desktop\3dgamesrepo\3dgame\3dgame\win32\debug\3dgame\player.obj
d:\users\cookie\desktop\3dgamesrepo\3dgame\3dgame\win32\debug\3dgame\md2model.obj
d:\users\cookie\desktop\3dgamesrepo\3dgame\3dgame\win32\debug\3dgame\main.obj
d:\users\cookie\desktop\3dgamesrepo\3dgame\3dgame\win32\debug\3dgame\car.obj
d:\users\cookie\desktop\3dgamesrepo\3dgame\3dgame\win32\debug\3dgame\camera.obj
d:\users\cookie\desktop\3dgamesrepo\3dgame\3dgame\win32\debug\3dgame\aabb.obj
d:\users\cookie\desktop\3dgamesrepo\3dgame\3dgame\win32\debug\3dgame\coin.obj
d:\users\cookie\desktop\3dgamesrepo\3dgame\debug\3dgame.exe
d:\users\cookie\desktop\3dgamesrepo\3dgame\debug\3dgame.ilk
d:\users\cookie\desktop\3dgamesrepo\3dgame\debug\3dgame.pdb
d:\users\cookie\desktop\3dgamesrepo\3dgame\3dgame\win32\debug\3dgame\3dgame.tlog\cl.command.1.tlog
d:\users\cookie\desktop\3dgamesrepo\3dgame\3dgame\win32\debug\3dgame\3dgame.tlog\cl.read.1.tlog
d:\users\cookie\desktop\3dgamesrepo\3dgame\3dgame\win32\debug\3dgame\3dgame.tlog\cl.write.1.tlog
d:\users\cookie\desktop\3dgamesrepo\3dgame\3dgame\win32\debug\3dgame\3dgame.tlog\link.command.1.tlog
d:\users\cookie\desktop\3dgamesrepo\3dgame\3dgame\win32\debug\3dgame\3dgame.tlog\link.read.1.tlog
d:\users\cookie\desktop\3dgamesrepo\3dgame\3dgame\win32\debug\3dgame\3dgame.tlog\link.write.1.tlog
